<?xml version="1.0" encoding="UTF-8"?>
<!-- Generated by org.testng.reporters.JUnitReportReporter -->
<testsuite skipped="0" hostname="Thien-Tran" name="Railway.LoginTest" tests="1" failures="0" timestamp="20 Nov 2018 16:13:45 GMT" time="3.030" errors="0">
  <testcase name="TC01" time="3.030" classname="Railway.LoginTest"/>
</testsuite> <!-- Railway.LoginTest -->
