<?xml version="1.0" encoding="UTF-8"?>
<!-- Generated by org.testng.reporters.JUnitReportReporter -->
<testsuite skipped="0" hostname="Thien-Tran" name="test.booking.BookTicketTest" tests="1" failures="0" timestamp="06 Dec 2018 15:24:11 GMT" time="1.105" errors="0">
  <testcase name="TC14" time="1.105" classname="test.booking.BookTicketTest"/>
</testsuite> <!-- test.booking.BookTicketTest -->
