<?xml version="1.0" encoding="UTF-8"?>
<!-- Generated by org.testng.reporters.JUnitReportReporter -->
<testsuite skipped="0" hostname="Thien-Tran" name="test.login.LoginTest" tests="1" failures="0" timestamp="02 Dec 2018 04:11:34 GMT" time="10.052" errors="0">
  <testcase name="TC08" time="10.052" classname="test.login.LoginTest"/>
</testsuite> <!-- test.login.LoginTest -->
