<?xml version="1.0" encoding="UTF-8"?>
<!-- Generated by org.testng.reporters.JUnitReportReporter -->
<testsuite skipped="0" hostname="Thien-Tran" name="test.password.ForgotPasswordTest" tests="1" failures="0" timestamp="02 Dec 2018 15:40:45 GMT" time="18.798" errors="0">
  <testcase name="TC13" time="18.798" classname="test.password.ForgotPasswordTest"/>
</testsuite> <!-- test.password.ForgotPasswordTest -->
