<?xml version="1.0" encoding="UTF-8"?>
<!-- Generated by org.testng.reporters.JUnitReportReporter -->
<testsuite skipped="0" hostname="TranXuahiensMBP.net.fpt" name="test.timetable.TimetableTest" tests="1" failures="0" timestamp="04 Dec 2018 15:13:31 GMT" time="4.255" errors="0">
  <testcase name="TC15" time="4.255" classname="test.timetable.TimetableTest"/>
</testsuite> <!-- test.timetable.TimetableTest -->
