<?xml version="1.0" encoding="UTF-8"?>
<!-- Generated by org.testng.reporters.JUnitReportReporter -->
<testsuite skipped="0" hostname="TranXuahiensMBP.net.fpt" name="test.login.LoginTest" tests="1" failures="0" timestamp="04 Dec 2018 14:42:56 GMT" time="2.407" errors="0">
  <testcase name="TC01" time="2.407" classname="test.login.LoginTest"/>
</testsuite> <!-- test.login.LoginTest -->
