<?xml version="1.0" encoding="UTF-8"?>
<!-- Generated by org.testng.reporters.JUnitReportReporter -->
<testsuite skipped="0" hostname="Thien-Tran" name="test.timetable.TimetableTest" tests="1" failures="0" timestamp="04 Dec 2018 16:34:27 GMT" time="0.906" errors="0">
  <testcase name="TC15" time="0.906" classname="test.timetable.TimetableTest"/>
</testsuite> <!-- test.timetable.TimetableTest -->
