<?xml version="1.0" encoding="UTF-8"?>
<!-- Generated by org.testng.reporters.JUnitReportReporter -->
<testsuite skipped="0" hostname="Thien-Tran" name="test.changePassword.ChangePasswordTest" tests="1" failures="0" timestamp="26 Nov 2018 16:00:33 GMT" time="5.436" errors="0">
  <testcase name="TC09" time="5.436" classname="test.changePassword.ChangePasswordTest"/>
</testsuite> <!-- test.changePassword.ChangePasswordTest -->
