<?xml version="1.0" encoding="UTF-8"?>
<!-- Generated by org.testng.reporters.JUnitReportReporter -->
<testsuite skipped="0" hostname="Thien-Tran" name="Tests.login.LoginTest" tests="1" failures="0" timestamp="28 Nov 2018 17:19:26 GMT" time="0.396" errors="0">
  <testcase name="TC01" time="0.396" classname="Tests.login.LoginTest"/>
</testsuite> <!-- Tests.login.LoginTest -->
