<?xml version="1.0" encoding="UTF-8"?>
<!-- Generated by org.testng.reporters.JUnitReportReporter -->
<testsuite skipped="0" hostname="Thien-Tran" name="test.register.RegisterTest" tests="3" failures="0" timestamp="02 Dec 2018 04:34:09 GMT" time="13.685" errors="0">
  <testcase name="TC11" time="2.370" classname="test.register.RegisterTest"/>
  <testcase name="TC10" time="2.359" classname="test.register.RegisterTest"/>
  <testcase name="TC07" time="8.956" classname="test.register.RegisterTest"/>
</testsuite> <!-- test.register.RegisterTest -->
