<?xml version="1.0" encoding="UTF-8"?>
<!-- Generated by org.testng.reporters.JUnitReportReporter -->
<testsuite skipped="0" hostname="Thien-Tran" name="test.register.RegisterTest" tests="1" failures="0" timestamp="22 Nov 2018 17:04:30 GMT" time="5.624" errors="0">
  <testcase name="TC07" time="5.624" classname="test.register.RegisterTest"/>
</testsuite> <!-- test.register.RegisterTest -->
