<?xml version="1.0" encoding="UTF-8"?>
<!-- Generated by org.testng.reporters.JUnitReportReporter -->
<testsuite skipped="0" hostname="Thien-Tran" name="test.Password.BookTicketTest" tests="1" failures="0" timestamp="29 Nov 2018 19:04:10 GMT" time="1.105" errors="0">
  <testcase name="TC14" time="1.105" classname="test.Password.BookTicketTest"/>
</testsuite> <!-- test.Password.BookTicketTest -->
