<?xml version="1.0" encoding="UTF-8"?>
<!-- Generated by org.testng.reporters.JUnitReportReporter -->
<testsuite skipped="0" hostname="Thien-Tran" name="test.Password.ChangePasswordTest" tests="1" failures="0" timestamp="29 Nov 2018 15:54:36 GMT" time="1.015" errors="0">
  <testcase name="TC09" time="1.015" classname="test.Password.ChangePasswordTest"/>
</testsuite> <!-- test.Password.ChangePasswordTest -->
