<?xml version="1.0" encoding="UTF-8"?>
<!-- Generated by org.testng.reporters.JUnitReportReporter -->
<testsuite skipped="0" hostname="TranXuahiensMBP.net.fpt" name="test.myticket.MyTicketTest" tests="1" failures="0" timestamp="04 Dec 2018 16:16:23 GMT" time="3.986" errors="0">
  <testcase name="TC16" time="3.986" classname="test.myticket.MyTicketTest"/>
</testsuite> <!-- test.myticket.MyTicketTest -->
