<?xml version="1.0" encoding="UTF-8"?>
<!-- Generated by org.testng.reporters.JUnitReportReporter -->
<testsuite skipped="0" hostname="Thien-Tran" name="test.register.RegisterTest" tests="1" failures="0" timestamp="06 Dec 2018 13:19:36 GMT" time="3.995" errors="0">
  <testcase name="TC07" time="3.995" classname="test.register.RegisterTest"/>
</testsuite> <!-- test.register.RegisterTest -->
