<?xml version="1.0" encoding="UTF-8"?>
<!-- Generated by org.testng.reporters.JUnitReportReporter -->
<testsuite skipped="0" hostname="Thien-Tran" name="test.register.RegisterTest" tests="1" failures="0" timestamp="26 Nov 2018 16:04:31 GMT" time="0.501" errors="0">
  <testcase name="TC10" time="0.501" classname="test.register.RegisterTest"/>
</testsuite> <!-- test.register.RegisterTest -->
