<?xml version="1.0" encoding="UTF-8"?>
<!-- Generated by org.testng.reporters.JUnitReportReporter -->
<testsuite skipped="0" hostname="Thien-Tran" name="Tests.login.LoginTest" tests="1" failures="0" timestamp="29 Nov 2018 15:29:01 GMT" time="3.850" errors="0">
  <testcase name="TC08" time="3.850" classname="Tests.login.LoginTest"/>
</testsuite> <!-- Tests.login.LoginTest -->
