<?xml version="1.0" encoding="UTF-8"?>
<!-- Generated by org.testng.reporters.JUnitReportReporter -->
<testsuite skipped="0" hostname="Thien-Tran" name="test.password.ResetPasswordTest" tests="1" failures="0" timestamp="02 Dec 2018 09:50:41 GMT" time="19.860" errors="0">
  <testcase name="TC12" time="19.860" classname="test.password.ResetPasswordTest"/>
</testsuite> <!-- test.password.ResetPasswordTest -->
