<?xml version="1.0" encoding="UTF-8"?>
<!-- Generated by org.testng.reporters.JUnitReportReporter -->
<testsuite skipped="0" hostname="Thien-Tran" name="test.password.ChangePasswordTest" tests="1" failures="0" timestamp="06 Dec 2018 13:34:49 GMT" time="1.198" errors="0">
  <testcase name="TC09" time="1.198" classname="test.password.ChangePasswordTest"/>
</testsuite> <!-- test.password.ChangePasswordTest -->
