<?xml version="1.0" encoding="UTF-8"?>
<!-- Generated by org.testng.reporters.JUnitReportReporter -->
<testsuite skipped="0" hostname="Thien-Tran" name="test.password.ChangePasswordTest" tests="1" failures="0" timestamp="02 Dec 2018 07:55:44 GMT" time="1.201" errors="0">
  <testcase name="TC09" time="1.201" classname="test.password.ChangePasswordTest"/>
</testsuite> <!-- test.password.ChangePasswordTest -->
