<?xml version="1.0" encoding="UTF-8"?>
<!-- Generated by org.testng.reporters.JUnitReportReporter -->
<testsuite skipped="0" hostname="Thien-Tran" name="test.Password.ChangePasswordTest" tests="1" failures="0" timestamp="01 Dec 2018 15:23:51 GMT" time="6.135" errors="0">
  <testcase name="TC09" time="6.135" classname="test.Password.ChangePasswordTest"/>
</testsuite> <!-- test.Password.ChangePasswordTest -->
