<?xml version="1.0" encoding="UTF-8"?>
<!-- Generated by org.testng.reporters.JUnitReportReporter -->
<testsuite skipped="0" hostname="Thien-Tran" name="test.booking.BookTicketTest" tests="1" failures="0" timestamp="04 Dec 2018 13:51:44 GMT" time="1.167" errors="0">
  <testcase name="TC14" time="1.167" classname="test.booking.BookTicketTest"/>
</testsuite> <!-- test.booking.BookTicketTest -->
